2010-09-21 17:11:35 : Redirecting to PayFast
2010-09-21 17:14:35 : PayFast ITN call received
2010-09-21 17:14:35 : Server = live
2010-09-21 17:14:35 : Get posted data
2010-09-21 17:14:35 : PayFast Data: Array
(
    [m_payment_id] => 100000020
    [pf_payment_id] => 211
    [payment_status] => COMPLETE
    [item_name] => Magento Test Store (English), Order #100000020
    [item_description] => 1.00 x Nokia 2610 Phone @ ZAR149.99 = ZAR149.99; Shipping = ZAR5.00;Total = ZAR154.99;
    [amount_gross] => 154.99
    [amount_fee] => -2.00
    [amount_net] => 152.99
    [custom_str1] => 
    [custom_str2] => 
    [custom_str3] => 
    [custom_str4] => 
    [custom_str5] => 
    [custom_int1] => 
    [custom_int2] => 
    [custom_int3] => 
    [custom_int4] => 
    [custom_int5] => 
    [name_first] => Jonathan
    [name_last] => Smit
    [email_address] => jonathan@payfast.co.za
    [merchant_id] => 10000101
    [signature] => 40cd879be9d91cb0764879b4470370eb
)

2010-09-21 17:14:35 : Verify security signature
2010-09-21 17:14:35 : Signature = valid
2010-09-21 17:14:35 : Check order hasn't been processed
2010-09-21 17:14:35 : Check status and update order
2010-09-21 17:14:35 : Order complete
2010-09-21 17:14:36 : Saving invoice
